<?xml version="1.0" encoding="UTF-8"?>
<testsuite name="TicTacToeTest" tests="1" skipped="0" failures="0" errors="0" timestamp="2023-02-18T21:04:48" hostname="DESKTOP-7OKTN0H" time="0.818">
  <properties/>
  <testcase name="start" classname="TicTacToeTest" time="0.818"/>
  <system-out><![CDATA[?[1;31m
Start test 1?[0m
---------
|       |
|       |
|       |
---------
> 2 4
Coordinates should be from 1 to 3!
> 4 4
Coordinates should be from 1 to 3!
> 2 1
---------
|       |
| X     |
|       |
---------
> 1 4
Coordinates should be from 1 to 3!
> 2 1
This cell is occupied! Choose another one!
> 2 4
Coordinates should be from 1 to 3!
> 4 2
Coordinates should be from 1 to 3!
> 2 4
Coordinates should be from 1 to 3!
> 1 2
---------
|   O   |
| X     |
|       |
---------
> 3 1
---------
|   O   |
| X     |
| X     |
---------
> 1 1
---------
| O O   |
| X     |
| X     |
---------
> 1 2
This cell is occupied! Choose another one!
> 1 3
---------
| O O X |
| X     |
| X     |
---------
> 2 1
This cell is occupied! Choose another one!
> 2 2
---------
| O O X |
| X O   |
| X     |
---------
> 2 3
---------
| O O X |
| X O X |
| X     |
---------
> 3 1
This cell is occupied! Choose another one!
> 3 2
---------
| O O X |
| X O X |
| X O   |
---------
O wins
?[1;31m
Start test 2?[0m
---------
|       |
|       |
|       |
---------
> 4 1
Coordinates should be from 1 to 3!
> 3 2
---------
|       |
|       |
|   X   |
---------
> 4 2
Coordinates should be from 1 to 3!
> 3 2
This cell is occupied! Choose another one!
> 1 2
---------
|   O   |
|       |
|   X   |
---------
> 3 1
---------
|   O   |
|       |
| X X   |
---------
> 4 2
Coordinates should be from 1 to 3!
> 4 4
Coordinates should be from 1 to 3!
> 3 2
This cell is occupied! Choose another one!
> 4 2
Coordinates should be from 1 to 3!
> 3 2
This cell is occupied! Choose another one!
> 1 2
This cell is occupied! Choose another one!
> 1 3
---------
|   O O |
|       |
| X X   |
---------
> 2 1
---------
|   O O |
| X     |
| X X   |
---------
> 2 2
---------
|   O O |
| X O   |
| X X   |
---------
> 2 3
---------
|   O O |
| X O X |
| X X   |
---------
> 3 1
This cell is occupied! Choose another one!
> 3 2
This cell is occupied! Choose another one!
> 3 3
---------
|   O O |
| X O X |
| X X O |
---------
> 1 1
---------
| X O O |
| X O X |
| X X O |
---------
X wins
?[1;31m
Start test 3?[0m
---------
|       |
|       |
|       |
---------
> 3 1
---------
|       |
|       |
| X     |
---------
> 4 1
Coordinates should be from 1 to 3!
> 1 2
---------
|   O   |
|       |
| X     |
---------
> 1 3
---------
|   O X |
|       |
| X     |
---------
> 2 1
---------
|   O X |
| O     |
| X     |
---------
> 3 2
---------
|   O X |
| O     |
| X X   |
---------
> 3 1
This cell is occupied! Choose another one!
> 2 1
This cell is occupied! Choose another one!
> 3 2
This cell is occupied! Choose another one!
> 1 2
This cell is occupied! Choose another one!
> 1 3
This cell is occupied! Choose another one!
> 2 1
This cell is occupied! Choose another one!
> 2 2
---------
|   O X |
| O O   |
| X X   |
---------
> 2 3
---------
|   O X |
| O O X |
| X X   |
---------
> 3 1
This cell is occupied! Choose another one!
> 3 2
This cell is occupied! Choose another one!
> 3 3
---------
|   O X |
| O O X |
| X X O |
---------
> 1 1
---------
| X O X |
| O O X |
| X X O |
---------
Draw
?[1;31m
Start test 4?[0m
---------
|       |
|       |
|       |
---------
> 4 3
Coordinates should be from 1 to 3!
> 4 4
Coordinates should be from 1 to 3!
> 1 1
---------
| X     |
|       |
|       |
---------
> 2 4
Coordinates should be from 1 to 3!
> 3 1
---------
| X     |
|       |
| O     |
---------
> 2 4
Coordinates should be from 1 to 3!
> 4 4
Coordinates should be from 1 to 3!
> 2 4
Coordinates should be from 1 to 3!
> 4 1
Coordinates should be from 1 to 3!
> 3 2
---------
| X     |
|       |
| O X   |
---------
> 2 3
---------
| X     |
|     O |
| O X   |
---------
> 2 1
---------
| X     |
| X   O |
| O X   |
---------
> 2 2
---------
| X     |
| X O O |
| O X   |
---------
> 2 3
This cell is occupied! Choose another one!
> 3 1
This cell is occupied! Choose another one!
> 3 2
This cell is occupied! Choose another one!
> 3 3
---------
| X     |
| X O O |
| O X X |
---------
> 1 1
This cell is occupied! Choose another one!
> 1 2
---------
| X O   |
| X O O |
| O X X |
---------
> 1 3
---------
| X O X |
| X O O |
| O X X |
---------
Draw
?[1;31m
Start test 5?[0m
---------
|       |
|       |
|       |
---------
> 4 1
Coordinates should be from 1 to 3!
> 2 2
---------
|       |
|   X   |
|       |
---------
> 1 1
---------
| O     |
|   X   |
|       |
---------
> 1 1
This cell is occupied! Choose another one!
> 3 1
---------
| O     |
|   X   |
| X     |
---------
> 4 3
Coordinates should be from 1 to 3!
> 4 2
Coordinates should be from 1 to 3!
> 4 1
Coordinates should be from 1 to 3!
> 1 3
---------
| O   O |
|   X   |
| X     |
---------
> 1 4
Coordinates should be from 1 to 3!
> 2 2
This cell is occupied! Choose another one!
> 2 3
---------
| O   O |
|   X X |
| X     |
---------
> 3 1
This cell is occupied! Choose another one!
> 3 2
---------
| O   O |
|   X X |
| X O   |
---------
> 3 3
---------
| O   O |
|   X X |
| X O X |
---------
> 1 1
This cell is occupied! Choose another one!
> 1 2
---------
| O O O |
|   X X |
| X O X |
---------
O wins
?[1;31m
Start test 6?[0m
---------
|       |
|       |
|       |
---------
> 4 5
Coordinates should be from 1 to 3!
> 1 1
---------
| X     |
|       |
|       |
---------
> 3 4
Coordinates should be from 1 to 3!
> 3 3
---------
| X     |
|       |
|     O |
---------
> 3 1
---------
| X     |
|       |
| X   O |
---------
> 4 4
Coordinates should be from 1 to 3!
> 4 4
Coordinates should be from 1 to 3!
> 1 4
Coordinates should be from 1 to 3!
> 4 4
Coordinates should be from 1 to 3!
> 2 4
Coordinates should be from 1 to 3!
> 1 2
---------
| X O   |
|       |
| X   O |
---------
> 2 3
---------
| X O   |
|     X |
| X   O |
---------
> 3 1
This cell is occupied! Choose another one!
> 3 2
---------
| X O   |
|     X |
| X O O |
---------
> 3 3
This cell is occupied! Choose another one!
> 1 1
This cell is occupied! Choose another one!
> 1 2
This cell is occupied! Choose another one!
> 1 3
---------
| X O X |
|     X |
| X O O |
---------
> 2 1
---------
| X O X |
| O   X |
| X O O |
---------
> 2 2
---------
| X O X |
| O X X |
| X O O |
---------
X wins
?[1;31m
Start test 7?[0m
---------
|       |
|       |
|       |
---------
> 4 2
Coordinates should be from 1 to 3!
> 4 1
Coordinates should be from 1 to 3!
> 2 1
---------
|       |
| X     |
|       |
---------
> 2 1
This cell is occupied! Choose another one!
> 4 4
Coordinates should be from 1 to 3!
> 2 3
---------
|       |
| X   O |
|       |
---------
> 2 2
---------
|       |
| X X O |
|       |
---------
> 2 1
This cell is occupied! Choose another one!
> 1 2
---------
|   O   |
| X X O |
|       |
---------
> 2 4
Coordinates should be from 1 to 3!
> 3 1
---------
|   O   |
| X X O |
| X     |
---------
> 3 2
---------
|   O   |
| X X O |
| X O   |
---------
> 3 3
---------
|   O   |
| X X O |
| X O X |
---------
> 1 1
---------
| O O   |
| X X O |
| X O X |
---------
> 1 2
This cell is occupied! Choose another one!
> 1 3
---------
| O O X |
| X X O |
| X O X |
---------
X wins
?[1;31m
Start test 8?[0m
---------
|       |
|       |
|       |
---------
> 4 7
Coordinates should be from 1 to 3!
> 3 3
---------
|       |
|       |
|     X |
---------
> 3 4
Coordinates should be from 1 to 3!
> 3 3
This cell is occupied! Choose another one!
> 3 4
Coordinates should be from 1 to 3!
> 2 3
---------
|       |
|     O |
|     X |
---------
> 2 4
Coordinates should be from 1 to 3!
> 1 3
---------
|     X |
|     O |
|     X |
---------
> 4 4
Coordinates should be from 1 to 3!
> 2 4
Coordinates should be from 1 to 3!
> 2 3
This cell is occupied! Choose another one!
> 3 2
---------
|     X |
|     O |
|   O X |
---------
> 3 3
This cell is occupied! Choose another one!
> 1 1
---------
| X   X |
|     O |
|   O X |
---------
> 1 2
---------
| X O X |
|     O |
|   O X |
---------
> 1 3
This cell is occupied! Choose another one!
> 2 1
---------
| X O X |
| X   O |
|   O X |
---------
> 2 2
---------
| X O X |
| X O O |
|   O X |
---------
O wins
?[1;31m
Start test 9?[0m
---------
|       |
|       |
|       |
---------
> 3 3
---------
|       |
|       |
|     X |
---------
> 4 1
Coordinates should be from 1 to 3!
> 2 3
---------
|       |
|     O |
|     X |
---------
> 3 2
---------
|       |
|     O |
|   X X |
---------
> 1 1
---------
| O     |
|     O |
|   X X |
---------
> 4 3
Coordinates should be from 1 to 3!
> 4 2
Coordinates should be from 1 to 3!
> 1 2
---------
| O X   |
|     O |
|   X X |
---------
> 1 1
This cell is occupied! Choose another one!
> 4 4
Coordinates should be from 1 to 3!
> 3 3
This cell is occupied! Choose another one!
> 1 1
This cell is occupied! Choose another one!
> 1 2
This cell is occupied! Choose another one!
> 1 3
---------
| O X O |
|     O |
|   X X |
---------
> 2 1
---------
| O X O |
| X   O |
|   X X |
---------
> 2 2
---------
| O X O |
| X O O |
|   X X |
---------
> 2 3
This cell is occupied! Choose another one!
> 3 1
---------
| O X O |
| X O O |
| X X X |
---------
X wins
]]></system-out>
  <system-err><![CDATA[]]></system-err>
</testsuite>
